[debug] [2020-06-18T17:12:04.465Z] ----------------------------------------------------------------------
[debug] [2020-06-18T17:12:04.467Z] Command:       /usr/bin/node /usr/bin/firebase emulators:start --only functions
[debug] [2020-06-18T17:12:04.468Z] CLI Version:   8.4.3
[debug] [2020-06-18T17:12:04.468Z] Platform:      linux
[debug] [2020-06-18T17:12:04.468Z] Node Version:  v14.4.0
[debug] [2020-06-18T17:12:04.468Z] Time:          Thu Jun 18 2020 12:12:04 GMT-0500 (Central Daylight Time)
[debug] [2020-06-18T17:12:04.468Z] ----------------------------------------------------------------------
[debug] [2020-06-18T17:12:04.468Z] 
[debug] [2020-06-18T17:12:04.475Z] > command requires scopes: ["email","openid","https://www.googleapis.com/auth/cloudplatformprojects.readonly","https://www.googleapis.com/auth/firebase","https://www.googleapis.com/auth/cloud-platform"]
[debug] [2020-06-18T17:12:04.475Z] > authorizing via signed-in user
[info] i  emulators: Starting emulators: functions {"metadata":{"emulator":{"name":"hub"},"message":"Starting emulators: functions"}}
[debug] [2020-06-18T17:12:04.500Z] [hub] writing locator at /tmp/hub-blogchain-a6eac.json
[warn] ⚠  Your requested "node" version "8" doesn't match your global version "14" {"metadata":{"emulator":{"name":"functions"},"message":"Your requested \"node\" version \"8\" doesn't match your global version \"14\""}}
[info] i  ui: downloading ui-v1.1.0.zip... {"metadata":{"emulator":{"name":"ui"},"message":"downloading ui-v1.1.0.zip..."}}
[debug] [2020-06-18T17:12:05.097Z] Ignoring unsupported arg: auto_download {"metadata":{"emulator":{"name":"ui"},"message":"Ignoring unsupported arg: auto_download"}}
[debug] [2020-06-18T17:12:05.097Z] Ignoring unsupported arg: port {"metadata":{"emulator":{"name":"ui"},"message":"Ignoring unsupported arg: port"}}
[debug] [2020-06-18T17:12:05.098Z] Starting Emulator UI with command {"binary":"node","args":["/home/dwarkesh/.cache/firebase/emulators/ui-v1.1.0/server.bundle.js"],"optionalArgs":[],"joinArgs":false} {"metadata":{"emulator":{"name":"ui"},"message":"Starting Emulator UI with command {\"binary\":\"node\",\"args\":[\"/home/dwarkesh/.cache/firebase/emulators/ui-v1.1.0/server.bundle.js\"],\"optionalArgs\":[],\"joinArgs\":false}"}}
[info] i  ui: Emulator UI logging to ui-debug.log {"metadata":{"emulator":{"name":"ui"},"message":"Emulator UI logging to \u001b[1mui-debug.log\u001b[22m"}}
[debug] [2020-06-18T17:12:05.201Z] Web / API server started at http://localhost:4000
 {"metadata":{"emulator":{"name":"ui"},"message":"Web / API server started at http://localhost:4000\n"}}
[info] i  functions: Watching "/home/dwarkesh/Code/blogchain/functions" for Cloud Functions... {"metadata":{"emulator":{"name":"functions"},"message":"Watching \"/home/dwarkesh/Code/blogchain/functions\" for Cloud Functions..."}}
[debug] [2020-06-18T17:12:05.385Z] [worker-pool] addWorker(~diagnostic~) {"metadata":{"emulator":{"name":"functions"},"message":"[worker-pool] addWorker(~diagnostic~)"}}
[debug] [2020-06-18T17:12:05.385Z] [worker-pool] Adding worker with key ~diagnostic~, total=1 {"metadata":{"emulator":{"name":"functions"},"message":"[worker-pool] Adding worker with key ~diagnostic~, total=1"}}
[debug] [2020-06-18T17:12:05.385Z] [worker-pool] submitWork(triggerId=) {"metadata":{"emulator":{"name":"functions"},"message":"[worker-pool] submitWork(triggerId=)"}}
[debug] [2020-06-18T17:12:05.386Z] [worker-~diagnostic~-c7b692d1-7dae-48d7-b151-e287476cad75]: Assigning socketPath: /tmp/fire_emu_130062.sock {"metadata":{"emulator":{"name":"functions"},"message":"[worker-~diagnostic~-c7b692d1-7dae-48d7-b151-e287476cad75]: Assigning socketPath: /tmp/fire_emu_130062.sock"}}
[debug] [2020-06-18T17:12:05.386Z] [worker-~diagnostic~-c7b692d1-7dae-48d7-b151-e287476cad75]: BUSY {"metadata":{"emulator":{"name":"functions"},"message":"[worker-~diagnostic~-c7b692d1-7dae-48d7-b151-e287476cad75]: BUSY"}}
[debug] [2020-06-18T17:12:05.639Z] [runtime-status] [130062] Functions runtime initialized. {"cwd":"/home/dwarkesh/Code/blogchain/functions","node_version":"14.4.0"} {"metadata":{"emulator":{"name":"functions"},"message":"[runtime-status] [130062] Functions runtime initialized. {\"cwd\":\"/home/dwarkesh/Code/blogchain/functions\",\"node_version\":\"14.4.0\"}"}}
[debug] [2020-06-18T17:12:05.641Z] [runtime-status] [130062] Disabled runtime features: undefined {"metadata":{"emulator":{"name":"functions"},"message":"[runtime-status] [130062] Disabled runtime features: undefined"}}
[debug] [2020-06-18T17:12:05.642Z] [runtime-status] [130062] Resolved module firebase-admin {"declared":true,"installed":true,"version":"8.12.1","resolution":"/home/dwarkesh/Code/blogchain/functions/node_modules/firebase-admin/lib/index.js"} {"metadata":{"emulator":{"name":"functions"},"message":"[runtime-status] [130062] Resolved module firebase-admin {\"declared\":true,\"installed\":true,\"version\":\"8.12.1\",\"resolution\":\"/home/dwarkesh/Code/blogchain/functions/node_modules/firebase-admin/lib/index.js\"}"}}
[debug] [2020-06-18T17:12:05.644Z] [runtime-status] [130062] Resolved module firebase-functions {"declared":true,"installed":true,"version":"3.7.0","resolution":"/home/dwarkesh/Code/blogchain/functions/node_modules/firebase-functions/lib/index.js"} {"metadata":{"emulator":{"name":"functions"},"message":"[runtime-status] [130062] Resolved module firebase-functions {\"declared\":true,\"installed\":true,\"version\":\"3.7.0\",\"resolution\":\"/home/dwarkesh/Code/blogchain/functions/node_modules/firebase-functions/lib/index.js\"}"}}
[debug] [2020-06-18T17:12:05.672Z] [runtime-status] [130062] Outgoing network have been stubbed. [{"name":"http","status":"mocked"},{"name":"http","status":"mocked"},{"name":"https","status":"mocked"},{"name":"https","status":"mocked"},{"name":"net","status":"mocked"}] {"metadata":{"emulator":{"name":"functions"},"message":"[runtime-status] [130062] Outgoing network have been stubbed. [{\"name\":\"http\",\"status\":\"mocked\"},{\"name\":\"http\",\"status\":\"mocked\"},{\"name\":\"https\",\"status\":\"mocked\"},{\"name\":\"https\",\"status\":\"mocked\"},{\"name\":\"net\",\"status\":\"mocked\"}]"}}
[debug] [2020-06-18T17:12:05.673Z] [runtime-status] [130062] Resolved module firebase-functions {"declared":true,"installed":true,"version":"3.7.0","resolution":"/home/dwarkesh/Code/blogchain/functions/node_modules/firebase-functions/lib/index.js"} {"metadata":{"emulator":{"name":"functions"},"message":"[runtime-status] [130062] Resolved module firebase-functions {\"declared\":true,\"installed\":true,\"version\":\"3.7.0\",\"resolution\":\"/home/dwarkesh/Code/blogchain/functions/node_modules/firebase-functions/lib/index.js\"}"}}
[debug] [2020-06-18T17:12:05.704Z] [runtime-status] [130062] Checked functions.config() {"config":{}} {"metadata":{"emulator":{"name":"functions"},"message":"[runtime-status] [130062] Checked functions.config() {\"config\":{}}"}}
[debug] [2020-06-18T17:12:05.704Z] [runtime-status] [130062] firebase-functions has been stubbed. {"functionsResolution":{"declared":true,"installed":true,"version":"3.7.0","resolution":"/home/dwarkesh/Code/blogchain/functions/node_modules/firebase-functions/lib/index.js"}} {"metadata":{"emulator":{"name":"functions"},"message":"[runtime-status] [130062] firebase-functions has been stubbed. {\"functionsResolution\":{\"declared\":true,\"installed\":true,\"version\":\"3.7.0\",\"resolution\":\"/home/dwarkesh/Code/blogchain/functions/node_modules/firebase-functions/lib/index.js\"}}"}}
[debug] [2020-06-18T17:12:05.705Z] [runtime-status] [130062] Resolved module firebase-functions {"declared":true,"installed":true,"version":"3.7.0","resolution":"/home/dwarkesh/Code/blogchain/functions/node_modules/firebase-functions/lib/index.js"} {"metadata":{"emulator":{"name":"functions"},"message":"[runtime-status] [130062] Resolved module firebase-functions {\"declared\":true,\"installed\":true,\"version\":\"3.7.0\",\"resolution\":\"/home/dwarkesh/Code/blogchain/functions/node_modules/firebase-functions/lib/index.js\"}"}}
[debug] [2020-06-18T17:12:05.706Z] [runtime-status] [130062] Resolved module firebase-admin {"declared":true,"installed":true,"version":"8.12.1","resolution":"/home/dwarkesh/Code/blogchain/functions/node_modules/firebase-admin/lib/index.js"} {"metadata":{"emulator":{"name":"functions"},"message":"[runtime-status] [130062] Resolved module firebase-admin {\"declared\":true,\"installed\":true,\"version\":\"8.12.1\",\"resolution\":\"/home/dwarkesh/Code/blogchain/functions/node_modules/firebase-admin/lib/index.js\"}"}}
[debug] [2020-06-18T17:12:05.707Z] [runtime-status] [130062] Resolved module firebase-functions {"declared":true,"installed":true,"version":"3.7.0","resolution":"/home/dwarkesh/Code/blogchain/functions/node_modules/firebase-functions/lib/index.js"} {"metadata":{"emulator":{"name":"functions"},"message":"[runtime-status] [130062] Resolved module firebase-functions {\"declared\":true,\"installed\":true,\"version\":\"3.7.0\",\"resolution\":\"/home/dwarkesh/Code/blogchain/functions/node_modules/firebase-functions/lib/index.js\"}"}}
[debug] [2020-06-18T17:12:05.707Z] [runtime-status] [130062] firebase-admin has been stubbed. {"adminResolution":{"declared":true,"installed":true,"version":"8.12.1","resolution":"/home/dwarkesh/Code/blogchain/functions/node_modules/firebase-admin/lib/index.js"}} {"metadata":{"emulator":{"name":"functions"},"message":"[runtime-status] [130062] firebase-admin has been stubbed. {\"adminResolution\":{\"declared\":true,\"installed\":true,\"version\":\"8.12.1\",\"resolution\":\"/home/dwarkesh/Code/blogchain/functions/node_modules/firebase-admin/lib/index.js\"}}"}}
[info] ✔  functions[scraper]: http function initialized (http://localhost:5001/blogchain-a6eac/us-central1/scraper). {"metadata":{"emulator":{"name":"functions"},"message":"\u001b[1mhttp\u001b[22m function initialized (http://localhost:5001/blogchain-a6eac/us-central1/scraper)."}}
[info] 
┌───────────────────────────────────────────────────────────────────────┐
│ ✔  All emulators ready! View status and logs at http://localhost:4000 │
└───────────────────────────────────────────────────────────────────────┘

┌───────────┬────────────────┬─────────────────────────────────┐
│ Emulator  │ Host:Port      │ View in Emulator UI             │
├───────────┼────────────────┼─────────────────────────────────┤
│ Functions │ localhost:5001 │ http://localhost:4000/functions │
└───────────┴────────────────┴─────────────────────────────────┘
  Other reserved ports: 4400, 4500

Issues? Report them at https://github.com/firebase/firebase-tools/issues and attach the *-debug.log files.
 
[debug] [2020-06-18T17:12:05.807Z] [worker-~diagnostic~-c7b692d1-7dae-48d7-b151-e287476cad75]: IDLE {"metadata":{"emulator":{"name":"functions"},"message":"[worker-~diagnostic~-c7b692d1-7dae-48d7-b151-e287476cad75]: IDLE"}}
[debug] [2020-06-18T17:16:04.837Z] [work-queue] {"queueLength":1,"workRunningCount":0}
[debug] [2020-06-18T17:16:04.838Z] [work-queue] {"queueLength":0,"workRunningCount":1}
[debug] [2020-06-18T17:16:04.838Z] Accepted request POST /blogchain-a6eac/us-central1/scraper --> scraper
[debug] [2020-06-18T17:16:04.848Z] [worker-pool] addWorker(scraper) {"metadata":{"emulator":{"name":"functions"},"message":"[worker-pool] addWorker(scraper)"}}
[debug] [2020-06-18T17:16:04.849Z] [worker-pool] Adding worker with key scraper, total=1 {"metadata":{"emulator":{"name":"functions"},"message":"[worker-pool] Adding worker with key scraper, total=1"}}
[debug] [2020-06-18T17:16:04.849Z] [worker-pool] submitWork(triggerId=scraper) {"metadata":{"emulator":{"name":"functions"},"message":"[worker-pool] submitWork(triggerId=scraper)"}}
[debug] [2020-06-18T17:16:04.849Z] [worker-scraper-0878708b-5282-4be7-a9bf-e3d92c3ba36c]: Assigning socketPath: /tmp/fire_emu_130867.sock {"metadata":{"emulator":{"name":"functions"},"message":"[worker-scraper-0878708b-5282-4be7-a9bf-e3d92c3ba36c]: Assigning socketPath: /tmp/fire_emu_130867.sock"}}
[debug] [2020-06-18T17:16:04.850Z] [worker-scraper-0878708b-5282-4be7-a9bf-e3d92c3ba36c]: BUSY {"metadata":{"emulator":{"name":"functions"},"message":"[worker-scraper-0878708b-5282-4be7-a9bf-e3d92c3ba36c]: BUSY"}}
[debug] [2020-06-18T17:16:05.100Z] [runtime-status] [130867] Functions runtime initialized. {"cwd":"/home/dwarkesh/Code/blogchain/functions","node_version":"14.4.0"} {"metadata":{"emulator":{"name":"functions"},"function":{"name":"scraper"},"message":"[runtime-status] [130867] Functions runtime initialized. {\"cwd\":\"/home/dwarkesh/Code/blogchain/functions\",\"node_version\":\"14.4.0\"}"}}
[debug] [2020-06-18T17:16:05.101Z] [runtime-status] [130867] Disabled runtime features: undefined {"metadata":{"emulator":{"name":"functions"},"function":{"name":"scraper"},"message":"[runtime-status] [130867] Disabled runtime features: undefined"}}
[debug] [2020-06-18T17:16:05.103Z] [runtime-status] [130867] Resolved module firebase-admin {"declared":true,"installed":true,"version":"8.12.1","resolution":"/home/dwarkesh/Code/blogchain/functions/node_modules/firebase-admin/lib/index.js"} {"metadata":{"emulator":{"name":"functions"},"function":{"name":"scraper"},"message":"[runtime-status] [130867] Resolved module firebase-admin {\"declared\":true,\"installed\":true,\"version\":\"8.12.1\",\"resolution\":\"/home/dwarkesh/Code/blogchain/functions/node_modules/firebase-admin/lib/index.js\"}"}}
[debug] [2020-06-18T17:16:05.104Z] [runtime-status] [130867] Resolved module firebase-functions {"declared":true,"installed":true,"version":"3.7.0","resolution":"/home/dwarkesh/Code/blogchain/functions/node_modules/firebase-functions/lib/index.js"} {"metadata":{"emulator":{"name":"functions"},"function":{"name":"scraper"},"message":"[runtime-status] [130867] Resolved module firebase-functions {\"declared\":true,\"installed\":true,\"version\":\"3.7.0\",\"resolution\":\"/home/dwarkesh/Code/blogchain/functions/node_modules/firebase-functions/lib/index.js\"}"}}
[debug] [2020-06-18T17:16:05.105Z] [runtime-status] [130867] Outgoing network have been stubbed. [{"name":"http","status":"mocked"},{"name":"http","status":"mocked"},{"name":"https","status":"mocked"},{"name":"https","status":"mocked"},{"name":"net","status":"mocked"}] {"metadata":{"emulator":{"name":"functions"},"function":{"name":"scraper"},"message":"[runtime-status] [130867] Outgoing network have been stubbed. [{\"name\":\"http\",\"status\":\"mocked\"},{\"name\":\"http\",\"status\":\"mocked\"},{\"name\":\"https\",\"status\":\"mocked\"},{\"name\":\"https\",\"status\":\"mocked\"},{\"name\":\"net\",\"status\":\"mocked\"}]"}}
[debug] [2020-06-18T17:16:05.106Z] [runtime-status] [130867] Resolved module firebase-functions {"declared":true,"installed":true,"version":"3.7.0","resolution":"/home/dwarkesh/Code/blogchain/functions/node_modules/firebase-functions/lib/index.js"} {"metadata":{"emulator":{"name":"functions"},"function":{"name":"scraper"},"message":"[runtime-status] [130867] Resolved module firebase-functions {\"declared\":true,\"installed\":true,\"version\":\"3.7.0\",\"resolution\":\"/home/dwarkesh/Code/blogchain/functions/node_modules/firebase-functions/lib/index.js\"}"}}
[debug] [2020-06-18T17:16:05.138Z] [runtime-status] [130867] Checked functions.config() {"config":{}} {"metadata":{"emulator":{"name":"functions"},"function":{"name":"scraper"},"message":"[runtime-status] [130867] Checked functions.config() {\"config\":{}}"}}
[debug] [2020-06-18T17:16:05.138Z] [runtime-status] [130867] firebase-functions has been stubbed. {"functionsResolution":{"declared":true,"installed":true,"version":"3.7.0","resolution":"/home/dwarkesh/Code/blogchain/functions/node_modules/firebase-functions/lib/index.js"}} {"metadata":{"emulator":{"name":"functions"},"function":{"name":"scraper"},"message":"[runtime-status] [130867] firebase-functions has been stubbed. {\"functionsResolution\":{\"declared\":true,\"installed\":true,\"version\":\"3.7.0\",\"resolution\":\"/home/dwarkesh/Code/blogchain/functions/node_modules/firebase-functions/lib/index.js\"}}"}}
[debug] [2020-06-18T17:16:05.139Z] [runtime-status] [130867] Resolved module firebase-functions {"declared":true,"installed":true,"version":"3.7.0","resolution":"/home/dwarkesh/Code/blogchain/functions/node_modules/firebase-functions/lib/index.js"} {"metadata":{"emulator":{"name":"functions"},"function":{"name":"scraper"},"message":"[runtime-status] [130867] Resolved module firebase-functions {\"declared\":true,\"installed\":true,\"version\":\"3.7.0\",\"resolution\":\"/home/dwarkesh/Code/blogchain/functions/node_modules/firebase-functions/lib/index.js\"}"}}
[debug] [2020-06-18T17:16:05.140Z] [runtime-status] [130867] Resolved module firebase-admin {"declared":true,"installed":true,"version":"8.12.1","resolution":"/home/dwarkesh/Code/blogchain/functions/node_modules/firebase-admin/lib/index.js"} {"metadata":{"emulator":{"name":"functions"},"function":{"name":"scraper"},"message":"[runtime-status] [130867] Resolved module firebase-admin {\"declared\":true,\"installed\":true,\"version\":\"8.12.1\",\"resolution\":\"/home/dwarkesh/Code/blogchain/functions/node_modules/firebase-admin/lib/index.js\"}"}}
[debug] [2020-06-18T17:16:05.140Z] [runtime-status] [130867] Resolved module firebase-functions {"declared":true,"installed":true,"version":"3.7.0","resolution":"/home/dwarkesh/Code/blogchain/functions/node_modules/firebase-functions/lib/index.js"} {"metadata":{"emulator":{"name":"functions"},"function":{"name":"scraper"},"message":"[runtime-status] [130867] Resolved module firebase-functions {\"declared\":true,\"installed\":true,\"version\":\"3.7.0\",\"resolution\":\"/home/dwarkesh/Code/blogchain/functions/node_modules/firebase-functions/lib/index.js\"}"}}
[debug] [2020-06-18T17:16:05.141Z] [runtime-status] [130867] firebase-admin has been stubbed. {"adminResolution":{"declared":true,"installed":true,"version":"8.12.1","resolution":"/home/dwarkesh/Code/blogchain/functions/node_modules/firebase-admin/lib/index.js"}} {"metadata":{"emulator":{"name":"functions"},"function":{"name":"scraper"},"message":"[runtime-status] [130867] firebase-admin has been stubbed. {\"adminResolution\":{\"declared\":true,\"installed\":true,\"version\":\"8.12.1\",\"resolution\":\"/home/dwarkesh/Code/blogchain/functions/node_modules/firebase-admin/lib/index.js\"}}"}}
[debug] [2020-06-18T17:16:05.238Z] [runtime-status] [130867] Trigger "scraper" has been found, beginning invocation! {"metadata":{"emulator":{"name":"functions"},"function":{"name":"scraper"},"message":"[runtime-status] [130867] Trigger \"scraper\" has been found, beginning invocation!"}}
[info] i  functions: Beginning execution of "scraper" {"metadata":{"emulator":{"name":"functions"},"function":{"name":"scraper"},"message":"Beginning execution of \"scraper\""}}
[debug] [2020-06-18T17:16:05.239Z] [runtime-status] [130867] triggerDefinition {"httpsTrigger":{},"name":"scraper","entryPoint":"scraper"} {"metadata":{"emulator":{"name":"functions"},"function":{"name":"scraper"},"message":"[runtime-status] [130867] triggerDefinition {\"httpsTrigger\":{},\"name\":\"scraper\",\"entryPoint\":\"scraper\"}"}}
[debug] [2020-06-18T17:16:05.240Z] [runtime-status] [130867] Running scraper in mode HTTPS {"metadata":{"emulator":{"name":"functions"},"function":{"name":"scraper"},"message":"[runtime-status] [130867] Running scraper in mode HTTPS"}}
[debug] [2020-06-18T17:16:05.244Z] [runtime-status] [130867] Attempting to listen to socketPath: /tmp/fire_emu_130867.sock {"metadata":{"emulator":{"name":"functions"},"function":{"name":"scraper"},"message":"[runtime-status] [130867] Attempting to listen to socketPath: /tmp/fire_emu_130867.sock"}}
[debug] [2020-06-18T17:16:05.246Z] [functions] Runtime ready! Sending request! {"metadata":{"emulator":{"name":"functions"},"message":"[functions] Runtime ready! Sending request!"}}
[debug] [2020-06-18T17:16:05.269Z] [runtime-status] [130867] Ephemeral server handling POST request {"metadata":{"emulator":{"name":"functions"},"function":{"name":"scraper"},"message":"[runtime-status] [130867] Ephemeral server handling POST request"}}
[warn] ⚠  External network resource requested!
   - URL: "https://fireship.io/"
 - Be careful, this may be a production service. {"metadata":{"emulator":{"name":"functions"},"function":{"name":"scraper"},"message":"External network resource requested!\n   - URL: \"https://fireship.io/\"\n - Be careful, this may be a production service."}}
[debug] [2020-06-18T17:16:05.300Z] [runtime-status] [130867] Ephemeral server survived. {"metadata":{"emulator":{"name":"functions"},"function":{"name":"scraper"},"message":"[runtime-status] [130867] Ephemeral server survived."}}
[info] i  functions: Finished "scraper" in ~1s {"metadata":{"emulator":{"name":"functions"},"function":{"name":"scraper"},"message":"Finished \"scraper\" in ~1s"}}
[debug] [2020-06-18T17:16:05.774Z] [worker-scraper-0878708b-5282-4be7-a9bf-e3d92c3ba36c]: IDLE {"metadata":{"emulator":{"name":"functions"},"message":"[worker-scraper-0878708b-5282-4be7-a9bf-e3d92c3ba36c]: IDLE"}}
[debug] [2020-06-18T17:16:05.774Z] [work-queue] {"queueLength":0,"workRunningCount":0}
